[21:30:51.729][INFO]: [JeiTweaker] REI identified
[21:30:51.731][INFO]: Successfully identified and loaded plugin jeitweaker:default
[21:30:51.744][INFO]: Successfully identified and loaded plugin crafttweaker:builtin
[21:30:51.749][INFO]: Successfully identified and loaded plugin crafttweaker:builtin_forge
[21:30:52.469][INFO]: The following mods have explicit CraftTweaker support through the default plugin:
[21:30:52.471][INFO]: - 'armoreablemobs' at version '1.0.7'
[21:30:52.471][INFO]: - 'crafttweaker' at version '9.1.211'
[21:30:52.471][INFO]: - 'farmersdelight' at version '1.18.2-1.2.3'
[21:30:52.471][INFO]: - 'gamestages' at version '8.1.3'
[21:30:52.471][INFO]: - 'jeitweaker' at version '3.0.0.9'
[21:30:52.471][INFO]: - 'recipestages' at version '3.0.0.10'
[21:30:52.471][INFO]: - 'zensummoning' at version '1.3.8'
[21:31:05.648][INFO]: Started loading scripts for loader 'initialize'
[21:31:06.672][INFO]: Compiling and executing scripts
[21:31:06.758][INFO]: Successfully initialized modules [crafttweaker, expansions]
[21:31:06.990][INFO]: Execution for loader 'initialize' completed successfully
[21:31:28.634][INFO]: Started loading scripts for loader 'tags'
[21:31:28.708][INFO]: Compiling and executing scripts
[21:31:28.741][INFO]: Successfully initialized modules [crafttweaker, expansions]
[21:31:28.761][INFO]: Execution for loader 'tags' completed successfully
[21:31:38.616][INFO]: Started loading scripts for loader 'crafttweaker'
[21:31:38.663][INFO]: Compiling and executing scripts
[21:31:39.435][INFO]: Successfully initialized modules [mods, crafttweaker, expansions]
[21:31:39.458][INFO]: Execution for loader 'crafttweaker' completed successfully
