2025-03-27 16:38:06.432164323[CLIENT]Registered class clazz dawncraft:brawler
2025-03-27 16:38:06.432909192[CLIENT]Registered class clazz dawncraft:warrior
2025-03-27 16:38:06.433118552[CLIENT]Registered class clazz dawncraft:berserker
2025-03-27 16:38:06.433293429[CLIENT]Registered class clazz dawncraft:roamer
2025-03-27 16:38:06.433993975[CLIENT]Registered class clazz dawncraft:lancer
2025-03-27 16:38:06.434176936[CLIENT]Registered class clazz dawncraft:ronin
2025-03-27 16:38:06.434414419[CLIENT]Registered class clazz dawncraft:astrologer
2025-03-27 16:38:06.434600296[CLIENT]Registered class clazz dawncraft:tank
2025-03-27 16:41:13.876261741[CLIENT]Serialized class dawncraft:brawler as {"index":5,"starting_skills":["epicfight:roll","epicfight:hypervitality"],"items":[{"id":"minecraft:chainmail_chestplate","count":1,"nbt":"{Damage:0}","slot":"chest"},{"id":"epicfight:glove","count":1,"nbt":"{Damage:0}","slot":"offhand"},{"id":"epicfight:glove","count":1,"nbt":"{Damage:0}","slot":"mainhand"},{"id":"minecraft:bread","count":6,"slot":"mainhand"}],"attributes":{"minecraft:generic.max_health":24.0,"paraglider:max_stamina":28.0},"commands":[],"animation":"epicfight:biped/combat/fist_auto3","offset":[0.0,0.0]}
2025-03-27 16:41:13.876502459[CLIENT]Serialized class dawncraft:warrior as {"index":0,"starting_skills":["epicfight:roll"],"items":[{"id":"minecraft:leather_chestplate","count":1,"nbt":"{Damage:0}","slot":"chest"},{"id":"minecraft:stone_sword","count":1,"nbt":"{Damage:0}","slot":"mainhand"},{"id":"minecraft:bread","count":6,"slot":"mainhand"}],"attributes":{"minecraft:generic.max_health":22.0,"paraglider:max_stamina":32.0},"commands":[],"animation":"epicfight:biped/combat/sword_auto3","offset":[0.0,0.0]}
2025-03-27 16:41:13.876633113[CLIENT]Serialized class dawncraft:berserker as {"index":1,"starting_skills":["epicfight:roll","epicfight:berserker","epicfight:forbidden_strength"],"items":[{"id":"epicfight:stone_greatsword","count":1,"nbt":"{Damage:0}","slot":"mainhand"},{"id":"minecraft:bread","count":6,"slot":"mainhand"}],"attributes":{"minecraft:generic.max_health":20.0,"paraglider:max_stamina":25.0},"commands":[],"animation":"epicfight:biped/combat/greatsword_auto1","offset":[0.0,0.0]}
2025-03-27 16:41:13.876762444[CLIENT]Serialized class dawncraft:roamer as {"index":4,"starting_skills":["epicfight:roll","epicfight:emergency_escape"],"items":[{"id":"jet_and_elias_armors:highlander_set_chestplate","count":1,"nbt":"{Damage:0}","slot":"chest"},{"id":"minecraft:bow","count":1,"nbt":"{Damage:0}","slot":"mainhand"},{"id":"nyfsquiver:basic_quiver","count":1,"nbt":"{Damage:0}","slot":"curios:quiver"},{"id":"minecraft:arrow","count":64,"slot":"mainhand"},{"id":"minecraft:bread","count":10,"slot":"mainhand"}],"attributes":{"minecraft:generic.max_health":17.0,"paraglider:max_stamina":42.0},"commands":[],"animation":"epicfight:biped/combat/bow_shot_mid","offset":[0.0,0.0]}
2025-03-27 16:41:13.87691001[CLIENT]Serialized class dawncraft:lancer as {"index":3,"starting_skills":["epicfight:step","epicfight:revelation"],"items":[{"id":"magistuarmory:rustedkettlehat","count":1,"nbt":"{Damage:0}","slot":"head"},{"id":"magistuarmory:stone_ranseur","count":1,"nbt":"{Damage:0}","slot":"mainhand"},{"id":"minecraft:bread","count":6,"slot":"mainhand"}],"attributes":{"minecraft:generic.max_health":20.0,"paraglider:max_stamina":28.0},"commands":[],"animation":"epicfight:biped/combat/spear_twohand_auto1","offset":[0.0,0.0]}
2025-03-27 16:41:13.877030755[CLIENT]Serialized class dawncraft:ronin as {"index":6,"starting_skills":["epicfight:roll","epicfight:parrying","epicfight:technician"],"items":[{"id":"jet_and_elias_armors:outrider_set_helmet","count":1,"nbt":"{Damage:0}","slot":"head"},{"id":"epicfight:uchigatana","count":1,"nbt":"{Damage:0}","slot":"mainhand"},{"id":"minecraft:bread","count":6,"slot":"mainhand"}],"attributes":{"minecraft:generic.max_health":16.0,"paraglider:max_stamina":28.0},"commands":[],"animation":"epicfight:biped/combat/uchigatana_auto1","offset":[0.0,0.0]}
2025-03-27 16:41:13.877201052[CLIENT]Serialized class dawncraft:astrologer as {"index":5,"starting_skills":["epicfight:roll","wom:ender_step"],"items":[{"id":"irons_spellbooks:wandering_magician_helmet","count":1,"nbt":"{Damage:0}","slot":"head"},{"id":"irons_spellbooks:wandering_magician_chestplate","count":1,"nbt":"{Damage:0}","slot":"chest"},{"id":"irons_spellbooks:iron_spell_book","count":1,"nbt":"{ISB_spellbook:{activeSpellIndex:0,spellSlots:5,spells:[{id:4,level:1,slot:0},{id:7,level:1,slot:1},{id:16,level:1,slot:2},{id:19,level:1,slot:3}]}}","slot":"mainhand"},{"id":"minecraft:bread","count":6,"slot":"mainhand"}],"attributes":{"minecraft:generic.max_health":16.0,"paraglider:max_stamina":20.0},"commands":[],"animation":"wom:biped/skill/enderstep_forward","offset":[0.0,-10.0]}
2025-03-27 16:41:13.877338999[CLIENT]Serialized class dawncraft:tank as {"index":2,"starting_skills":["epicfight:roll","epicfight:endurance"],"items":[{"id":"minecraft:chainmail_chestplate","count":1,"nbt":"{Damage:0}","slot":"chest"},{"id":"minecraft:shield","count":1,"nbt":"{Damage:0}","slot":"offhand"},{"id":"magistuarmory:wood_morgenstern","count":1,"nbt":"{Damage:0}","slot":"mainhand"},{"id":"minecraft:bread","count":6,"slot":"mainhand"}],"attributes":{"minecraft:generic.max_health":30.0,"paraglider:max_stamina":18.0},"commands":[],"animation":"epicfight:biped/combat/sword_auto1","offset":[0.0,0.0]}
2025-03-27 16:42:00.167439419[CLIENT]Applying skill epicfight:roll to player UgandaEnzo
2025-03-27 16:42:00.167889779[CLIENT]Applying dawncraft:warrior modifiers to player UgandaEnzo
2025-03-27 16:42:00.169364719[CLIENT]Applying attribute minecraft:generic.max_health with value 22.0 to player UgandaEnzo
2025-03-27 16:42:00.169903754[CLIENT]Applying attribute paraglider:max_stamina with value 32.0 to player UgandaEnzo
2025-03-27 16:42:00.17027112[CLIENT]Attribute is paraglider:max_stamina, removing 28.0 points as default.
2025-03-27 16:42:00.170548657[CLIENT]set 1 leather_chestplate to slot chest
2025-03-27 16:42:00.170747999[CLIENT]set 1 stone_sword to slot mainhand
2025-03-27 16:42:00.170916784[CLIENT]set 6 bread to slot mainhand
2025-03-27 16:42:00.171990967[CLIENT]Running dawncraft:warrior commands for player UgandaEnzo
2025-03-27 16:42:00.172160503[CLIENT]Set player UgandaEnzo to class dawncraft:warrior
2025-03-27 16:46:19.431641836[CLIENT]Applying dawncraft:warrior modifiers to player UgandaEnzo
2025-03-27 16:46:19.431922018[CLIENT]Applying attribute minecraft:generic.max_health with value 22.0 to player UgandaEnzo
2025-03-27 16:46:19.432027886[CLIENT]Applying attribute paraglider:max_stamina with value 32.0 to player UgandaEnzo
2025-03-27 16:46:19.432149743[CLIENT]Attribute is paraglider:max_stamina, removing 28.0 points as default.
2025-03-27 16:47:56.722262515[CLIENT]Running dawncraft:warrior commands for player UgandaEnzo
